		GameHub

Nombre: Andre
Hora entrada: 17:5
Hora salida: 17:7

Cantidad de articulos vendidos: 0
Dinero generado: 0
-----------------------
		GameHub

Nombre: Andre
Hora entrada: 17:19
Hora salida: 17:19

Cantidad de articulos vendidos: 0
Dinero generado: 0
-----------------------
		GameHub

Nombre: Andre
Hora entrada: 17:20
Hora salida: 17:20

Cantidad de articulos vendidos: 0
Dinero generado: 0
-----------------------
		GameHub

Nombre: Andre
Hora entrada: 18:42
Hora salida: 18:42

Cantidad de articulos vendidos: 0
Dinero generado: 0
-----------------------
		GameHub

Nombre: Andre
Hora entrada: 18:48
Hora salida: 18:49

Cantidad de articulos vendidos: 0
Dinero generado: 0
-----------------------
		GameHub

Nombre: Andre
Hora entrada: 18:58
Hora salida: 18:59

Cantidad de articulos vendidos: 0
Dinero generado: 0
-----------------------
		GameHub

Nombre: Andre
Hora entrada: 19:17
Hora salida: 19:29

Cantidad de articulos vendidos: 0
Dinero generado: 0
-----------------------
		GameHub

Nombre: Andre
Hora entrada: 20:49
Hora salida: 20:49

Cantidad de articulos vendidos: 0
Dinero generado: 0
-----------------------
