		GameHub

Nombre: Andre V
Hora entrada: 13:14
Hora salida: 13:16

Cantidad de articulos vendidos: 1
Dinero generado: 264

		GameHub

Nombre: Andre V
Hora entrada: 13:18
Hora salida: 13:19

Cantidad de articulos vendidos: 0
Dinero generado: 0

		GameHub

Nombre: Andre V
Hora entrada: 13:21
Hora salida: 13:21

Cantidad de articulos vendidos: 0
Dinero generado: 0

		GameHub

Nombre: Andre V
Hora entrada: 13:24
Hora salida: 13:25

Cantidad de articulos vendidos: 0
Dinero generado: 0

		GameHub

Nombre: Andre V
Hora entrada: 13:25
Hora salida: 13:25

Cantidad de articulos vendidos: 0
Dinero generado: 0

		GameHub

Nombre: Andre V
Hora entrada: 13:59
Hora salida: 14:4

Cantidad de articulos vendidos: 0
Dinero generado: 0

		GameHub

Nombre: Andre V
Hora entrada: 14:8
Hora salida: 14:8

Cantidad de articulos vendidos: 0
Dinero generado: 0

		GameHub

Nombre: Andre V
Hora entrada: 14:9
Hora salida: 14:15

Cantidad de articulos vendidos: 1
Dinero generado: 141

		GameHub

Nombre: Andre V
Hora entrada: 14:16
Hora salida: 14:18

Cantidad de articulos vendidos: 1
Dinero generado: 253

		GameHub

Nombre: Andre V
Hora entrada: 14:18
Hora salida: 14:19

Cantidad de articulos vendidos: 1
Dinero generado: 253

		GameHub

Nombre: Andre V
Hora entrada: 14:23
Hora salida: 14:25

Cantidad de articulos vendidos: 3
Dinero generado: 770

		GameHub

Nombre: Andre V
Hora entrada: 14:38
Hora salida: 14:40

Cantidad de articulos vendidos: 1
Dinero generado: 46

