		GameHub

Nombre: Andre
Hora entrada: 17:53
Hora salida: 17:53

Cantidad de articulos vendidos: 0
Dinero generado: 0

		GameHub

Nombre: Andre
Hora entrada: 17:53
Hora salida: 17:54

Cantidad de articulos vendidos: 0
Dinero generado: 0

		GameHub

Nombre: Andre
Hora entrada: 17:55
Hora salida: 17:55

Cantidad de articulos vendidos: 0
Dinero generado: 0

		GameHub

Nombre: Andre
Hora entrada: 18:28
Hora salida: 18:29

Cantidad de articulos vendidos: 0
Dinero generado: 0

		GameHub

Nombre: Andre
Hora entrada: 18:30
Hora salida: 18:31

Cantidad de articulos vendidos: 0
Dinero generado: 0

		GameHub

Nombre: Andre
Hora entrada: 18:31
Hora salida: 18:31

Cantidad de articulos vendidos: 0
Dinero generado: 0

		GameHub

Nombre: Andre
Hora entrada: 18:34
Hora salida: 18:34

Cantidad de articulos vendidos: 0
Dinero generado: 0

		GameHub

Nombre: Andre
Hora entrada: 18:36
Hora salida: 18:36

Cantidad de articulos vendidos: 0
Dinero generado: 0

		GameHub

Nombre: Andre
Hora entrada: 18:36
Hora salida: 18:37

Cantidad de articulos vendidos: 0
Dinero generado: 0

